[    0.000000] Initializing cgroup subsys cpuset
[    0.000000] Initializing cgroup subsys cpu
[    0.000000] Initializing cgroup subsys cpuacct
[    0.000000] Linux version 4.4.0-210-generic (buildd@lgw01-amd64-009) (gcc version 5.4.0 20160609 (Ubuntu 5.4.0-6ubuntu1~16.04.12) ) #242-Ubuntu SMP Fri Apr 16 09:57:56 UTC 2021 (Ubuntu 4.4.0-210.242-generic 4.4.262)
[    0.000000] Command line: BOOT_IMAGE=/boot/vmlinuz-4.4.0-210-generic root=LABEL=cloudimg-rootfs ro console=tty1 console=ttyS0
[    0.000000] KERNEL supported cpus:
[    0.000000]   Intel GenuineIntel
[    0.000000]   AMD AuthenticAMD
[    0.000000]   Centaur CentaurHauls
[    0.000000] x86/fpu: Legacy x87 FPU detected.
[    0.000000] e820: BIOS-provided physical RAM map:
[    0.000000] BIOS-e820: [mem 0x0000000000000000-0x000000000009fbff] usable
[    0.000000] BIOS-e820: [mem 0x000000000009fc00-0x000000000009ffff] reserved
[    0.000000] BIOS-e820: [mem 0x00000000000f0000-0x00000000000fffff] reserved
[    0.000000] BIOS-e820: [mem 0x0000000000100000-0x000000003ffeffff] usable
[    0.000000] BIOS-e820: [mem 0x000000003fff0000-0x000000003fffffff] ACPI data
[    0.000000] BIOS-e820: [mem 0x00000000fec00000-0x00000000fec00fff] reserved
[    0.000000] BIOS-e820: [mem 0x00000000fee00000-0x00000000fee00fff] reserved
[    0.000000] BIOS-e820: [mem 0x00000000fffc0000-0x00000000ffffffff] reserved
[    0.000000] NX (Execute Disable) protection: active
[    0.000000] SMBIOS 2.5 present.
[    0.000000] Hypervisor detected: KVM
[    0.000000] Kernel/User page tables isolation: disabled
[    0.000000] e820: last_pfn = 0x3fff0 max_arch_pfn = 0x400000000
[    0.000000] x86/PAT: Configuration [0-7]: WB  WC  UC- UC  WB  WC  UC- WT  
[    0.000000] CPU MTRRs all blank - virtualized system.
[    0.000000] found SMP MP-table at [mem 0x0009fbf0-0x0009fbff] mapped at [ffff88000009fbf0]
[    0.000000] Scanning 1 areas for low memory corruption
[    0.000000] RAMDISK: [mem 0x362dc000-0x37165fff]
[    0.000000] ACPI: Early table checksum verification disabled
[    0.000000] ACPI: RSDP 0x00000000000E0000 000024 (v02 VBOX  )
[    0.000000] ACPI: XSDT 0x000000003FFF0030 00003C (v01 VBOX   VBOXXSDT 00000001 ASL  00000061)
[    0.000000] ACPI: FACP 0x000000003FFF00F0 0000F4 (v04 VBOX   VBOXFACP 00000001 ASL  00000061)
[    0.000000] ACPI: DSDT 0x000000003FFF0610 002353 (v02 VBOX   VBOXBIOS 00000002 INTL 20100528)
[    0.000000] ACPI: FACS 0x000000003FFF0200 000040
[    0.000000] ACPI: FACS 0x000000003FFF0200 000040
[    0.000000] ACPI: APIC 0x000000003FFF0240 00005C (v02 VBOX   VBOXAPIC 00000001 ASL  00000061)
[    0.000000] ACPI: SSDT 0x000000003FFF02A0 00036C (v01 VBOX   VBOXCPUT 00000002 INTL 20100528)
[    0.000000] No NUMA configuration found
[    0.000000] Faking a node at [mem 0x0000000000000000-0x000000003ffeffff]
[    0.000000] NODE_DATA(0) allocated [mem 0x3ffeb000-0x3ffeffff]
[    0.000000] kvm-clock: Using msrs 4b564d01 and 4b564d00
[    0.000000] kvm-clock: cpu 0, msr 0:3ffe3001, primary cpu clock
[    0.000000] kvm-clock: using sched offset of 4244077008 cycles
[    0.000000] clocksource: kvm-clock: mask: 0xffffffffffffffff max_cycles: 0x1cd42e4dffb, max_idle_ns: 881590591483 ns
[    0.000000] Zone ranges:
[    0.000000]   DMA      [mem 0x0000000000001000-0x0000000000ffffff]
[    0.000000]   DMA32    [mem 0x0000000001000000-0x000000003ffeffff]
[    0.000000]   Normal   empty
[    0.000000]   Device   empty
[    0.000000] Movable zone start for each node
[    0.000000] Early memory node ranges
[    0.000000]   node   0: [mem 0x0000000000001000-0x000000000009efff]
[    0.000000]   node   0: [mem 0x0000000000100000-0x000000003ffeffff]
[    0.000000] Initmem setup node 0 [mem 0x0000000000001000-0x000000003ffeffff]
[    0.000000] ACPI: PM-Timer IO Port: 0x4008
[    0.000000] IOAPIC[0]: apic_id 2, version 32, address 0xfec00000, GSI 0-23
[    0.000000] ACPI: INT_SRC_OVR (bus 0 bus_irq 0 global_irq 2 dfl dfl)
[    0.000000] ACPI: INT_SRC_OVR (bus 0 bus_irq 9 global_irq 9 low level)
[    0.000000] Using ACPI (MADT) for SMP configuration information
[    0.000000] smpboot: Allowing 2 CPUs, 0 hotplug CPUs
[    0.000000] PM: Registered nosave memory: [mem 0x00000000-0x00000fff]
[    0.000000] PM: Registered nosave memory: [mem 0x0009f000-0x0009ffff]
[    0.000000] PM: Registered nosave memory: [mem 0x000a0000-0x000effff]
[    0.000000] PM: Registered nosave memory: [mem 0x000f0000-0x000fffff]
[    0.000000] e820: [mem 0x40000000-0xfebfffff] available for PCI devices
[    0.000000] Booting paravirtualized kernel on KVM
[    0.000000] clocksource: refined-jiffies: mask: 0xffffffff max_cycles: 0xffffffff, max_idle_ns: 7645519600211568 ns
[    0.000000] setup_percpu: NR_CPUS:512 nr_cpumask_bits:512 nr_cpu_ids:2 nr_node_ids:1
[    0.000000] PERCPU: Embedded 33 pages/cpu @ffff88003fc00000 s95192 r8192 d31784 u1048576
[    0.000000] Built 1 zonelists in Node order, mobility grouping on.  Total pages: 257912
[    0.000000] Policy zone: DMA32
[    0.000000] Kernel command line: BOOT_IMAGE=/boot/vmlinuz-4.4.0-210-generic root=LABEL=cloudimg-rootfs ro console=tty1 console=ttyS0
[    0.000000] PID hash table entries: 4096 (order: 3, 32768 bytes)
[    0.000000] Memory: 997792K/1048120K available (8644K kernel code, 1332K rwdata, 4044K rodata, 1492K init, 1164K bss, 50328K reserved, 0K cma-reserved)
[    0.000000] SLUB: HWalign=64, Order=0-3, MinObjects=0, CPUs=2, Nodes=1
[    0.000000] Hierarchical RCU implementation.
[    0.000000] 	Build-time adjustment of leaf fanout to 64.
[    0.000000] 	RCU restricting CPUs from NR_CPUS=512 to nr_cpu_ids=2.
[    0.000000] RCU: Adjusting geometry for rcu_fanout_leaf=64, nr_cpu_ids=2
[    0.000000] NR_IRQS:33024 nr_irqs:440 16
[    0.000000] Console: colour VGA+ 80x25
[    0.000000] console [tty1] enabled
[    0.000000] console [ttyS0] enabled
[    0.000000] tsc: Detected 2495.998 MHz processor
[    1.608801] Calibrating delay loop (skipped) preset value.. 4991.99 BogoMIPS (lpj=9983992)
[    1.635242] pid_max: default: 32768 minimum: 301
[    1.645741] ACPI: Core revision 20150930
[    1.663040] ACPI: 2 ACPI AML tables successfully acquired and loaded
[    1.684188] Security Framework initialized
[    1.692265] Yama: becoming mindful.
[    1.702889] AppArmor: AppArmor initialized
[    1.719462] Dentry cache hash table entries: 131072 (order: 8, 1048576 bytes)
[    1.762644] Inode-cache hash table entries: 65536 (order: 7, 524288 bytes)
[    1.796515] Mount-cache hash table entries: 2048 (order: 2, 16384 bytes)
[    1.823100] Mountpoint-cache hash table entries: 2048 (order: 2, 16384 bytes)
[    1.852413] Initializing cgroup subsys io
[    1.868864] Initializing cgroup subsys memory
[    1.886220] Initializing cgroup subsys devices
[    1.901421] Initializing cgroup subsys freezer
[    1.918064] Initializing cgroup subsys net_cls
[    1.934559] Initializing cgroup subsys perf_event
[    1.951844] Initializing cgroup subsys net_prio
[    1.968387] Initializing cgroup subsys hugetlb
[    1.988398] Initializing cgroup subsys pids
[    2.013494] mce: CPU supports 0 MCE banks
[    2.029031] Last level iTLB entries: 4KB 0, 2MB 0, 4MB 0
[    2.048593] Last level dTLB entries: 4KB 0, 2MB 0, 4MB 0, 1GB 0
[    2.069362] Spectre V1 : Mitigation: usercopy/swapgs barriers and __user pointer sanitization
[    2.101295] Spectre V2 : Mitigation: Enhanced IBRS
[    2.118918] Spectre V2 : Spectre v2 / SpectreRSB mitigation: Filling RSB on context switch
[    2.138389] Speculative Store Bypass: Vulnerable
[    2.317041] Freeing SMP alternatives memory: 36K
[    2.685889] ftrace: allocating 32380 entries in 127 pages
[    4.994710] smpboot: APIC(0) Converting physical 0 to logical package 0
[    5.008596] smpboot: Max logical packages: 1
[    5.054815] ..TIMER: vector=0x30 apic1=0 pin1=2 apic2=-1 pin2=-1
[    5.182758] APIC calibration not consistent with PM-Timer: 113ms instead of 100ms
[    5.205223] APIC delta adjusted to PM-Timer: 6446819 (7303943)
[    5.224402] smpboot: CPU0: 12th Gen Intel(R) Core(TM) i5-1235U (family: 0x6, model: 0x9a, stepping: 0x4)
[    5.255505] Performance Events: unsupported p6 CPU model 154 no PMU driver, software events only.
[    5.717614] KVM setup paravirtual spinlock
[    5.738320] x86: Booting SMP configuration:
[    5.750920] .... node  #0, CPUs:      #1
[    5.768881] kvm-clock: cpu 1, msr 0:3ffe3041, secondary cpu clock
[    5.794616] mce: CPU supports 0 MCE banks
[    5.803435] TSC synchronization [CPU#0 -> CPU#1]:
[    5.816907] Measured 78609 cycles TSC warp between CPUs, turning off TSC clock.
[    5.837119] tsc: Marking TSC unstable due to check_tsc_sync_source failed
[    5.866438] x86: Booted up 1 node, 2 CPUs
[    5.879537] smpboot: Total of 2 processors activated (9983.99 BogoMIPS)
[    1.408010] devtmpfs: initialized
[    1.418097] evm: security.selinux
[    1.420009] evm: security.SMACK64
[    1.424009] evm: security.SMACK64EXEC
[    1.428010] evm: security.SMACK64TRANSMUTE
[    1.432008] evm: security.SMACK64MMAP
[    1.436009] evm: security.ima
[    1.440008] evm: security.capability
[    1.448737] clocksource: jiffies: mask: 0xffffffff max_cycles: 0xffffffff, max_idle_ns: 7645041785100000 ns
[    1.452029] futex hash table entries: 512 (order: 3, 32768 bytes)
[    1.460845] pinctrl core: initialized pinctrl subsystem
[    1.468748] RTC time: 22:15:00, date: 09/13/25
[    1.484000] NET: Registered protocol family 16
[    1.496028] cpuidle: using governor ladder
[    1.512036] cpuidle: using governor menu
[    1.516024] PCCT header not found.
[    1.520232] ACPI: bus type PCI registered
[    1.524013] acpiphp: ACPI Hot Plug PCI Controller Driver version: 0.5
[    1.528775] PCI: Using configuration type 1 for base access
[    1.561206] ACPI: Added _OSI(Module Device)
[    1.564007] ACPI: Added _OSI(Processor Device)
[    1.568008] ACPI: Added _OSI(3.0 _SCP Extensions)
[    1.572008] ACPI: Added _OSI(Processor Aggregator Device)
[    1.584020] ACPI: Executed 1 blocks of module-level executable AML code
[    1.604167] ACPI: Interpreter enabled
[    1.608031] ACPI: (supports S0 S5)
[    1.612008] ACPI: Using IOAPIC for interrupt routing
[    1.617167] PCI: Using host bridge windows from ACPI; if necessary, use "pci=nocrs" and report a bug
[    1.650043] ACPI: PCI Root Bridge [PCI0] (domain 0000 [bus 00-ff])
[    1.652022] acpi PNP0A03:00: _OSC: OS supports [ASPM ClockPM Segments MSI]
[    1.661518] acpi PNP0A03:00: _OSC: not requesting OS control; OS requires [ExtendedConfig ASPM ClockPM MSI]
[    1.664032] acpi PNP0A03:00: fail to add MMCONFIG information, can't access extended PCI configuration space under this bridge.
[    1.672017] PCI host bridge to bus 0000:00
[    1.676021] pci_bus 0000:00: root bus resource [io  0x0000-0x0cf7 window]
[    1.680012] pci_bus 0000:00: root bus resource [io  0x0d00-0xffff window]
[    1.684011] pci_bus 0000:00: root bus resource [mem 0x000a0000-0x000bffff window]
[    1.688012] pci_bus 0000:00: root bus resource [mem 0x40000000-0xfdffffff window]
[    1.692013] pci_bus 0000:00: root bus resource [bus 00-ff]
[    1.721163] pci 0000:00:01.1: legacy IDE quirk: reg 0x10: [io  0x01f0-0x01f7]
[    1.724015] pci 0000:00:01.1: legacy IDE quirk: reg 0x14: [io  0x03f6]
[    1.728015] pci 0000:00:01.1: legacy IDE quirk: reg 0x18: [io  0x0170-0x0177]
[    1.732011] pci 0000:00:01.1: legacy IDE quirk: reg 0x1c: [io  0x0376]
[    1.806787] pci 0000:00:07.0: quirk: [io  0x4000-0x403f] claimed by PIIX4 ACPI
[    1.808133] pci 0000:00:07.0: quirk: [io  0x4100-0x410f] claimed by PIIX4 SMB
[    1.835018] ACPI: PCI Interrupt Link [LNKA] (IRQs 5 9 10 *11)
[    1.845756] ACPI: PCI Interrupt Link [LNKB] (IRQs 5 9 *10 11)
[    1.855518] ACPI: PCI Interrupt Link [LNKC] (IRQs 5 *9 10 11)
[    1.867157] ACPI: PCI Interrupt Link [LNKD] (IRQs 5 9 10 *11)
[    1.874690] ACPI: Enabled 2 GPEs in block 00 to 07
[    1.877417] vgaarb: setting as boot device: PCI:0000:00:02.0
[    1.880000] vgaarb: device added: PCI:0000:00:02.0,decodes=io+mem,owns=io+mem,locks=none
[    1.880012] vgaarb: loaded
[    1.884007] vgaarb: bridge control possible 0000:00:02.0
[    1.893111] SCSI subsystem initialized
[    1.900678] ACPI: bus type USB registered
[    1.908028] usbcore: registered new interface driver usbfs
[    1.912133] usbcore: registered new interface driver hub
[    1.916029] usbcore: registered new device driver usb
[    1.928631] PCI: Using ACPI for IRQ routing
[    1.934506] NetLabel: Initializing
[    1.936008] NetLabel:  domain hash size = 128
[    1.940007] NetLabel:  protocols = UNLABELED CIPSOv4
[    1.944041] NetLabel:  unlabeled traffic allowed by default
[    1.952195] amd_nb: Cannot enumerate AMD northbridges
[    1.960417] clocksource: Switched to clocksource kvm-clock
[    1.981659] AppArmor: AppArmor Filesystem Enabled
[    1.981659] pnp: PnP ACPI init
[    1.981659] pnp: PnP ACPI: found 3 devices
[    2.223104] clocksource: acpi_pm: mask: 0xffffff max_cycles: 0xffffff, max_idle_ns: 2085701024 ns
[    2.224465] NET: Registered protocol family 2
[    2.243401] TCP established hash table entries: 8192 (order: 4, 65536 bytes)
[    2.246100] TCP bind hash table entries: 8192 (order: 5, 131072 bytes)
[    2.246100] TCP: Hash tables configured (established 8192 bind 8192)
[    2.246100] UDP hash table entries: 512 (order: 2, 16384 bytes)
[    2.246100] UDP-Lite hash table entries: 512 (order: 2, 16384 bytes)
[    2.246100] NET: Registered protocol family 1
[    2.246100] pci 0000:00:00.0: Limiting direct PCI/PCI transfers
[    2.246100] pci 0000:00:01.0: Activating ISA DMA hang workarounds
[    2.246100] Unpacking initramfs...
[    3.101671] Freeing initrd memory: 14888K
[    3.101671] clocksource: tsc: mask: 0xffffffffffffffff max_cycles: 0x23fa754787d, max_idle_ns: 440795210092 ns
[    3.160375] platform rtc_cmos: registered platform RTC device (no PNP device found)
[    3.164162] Scanning for low memory corruption every 60 seconds
[    3.203645] audit: initializing netlink subsys (disabled)
[    3.220891] audit: type=2000 audit(1757801702.981:1): initialized
[    3.239169] Initialise system trusted keyring
[    3.254716] HugeTLB registered 2 MB page size, pre-allocated 0 pages
[    3.271578] zbud: loaded
[    3.284142] VFS: Disk quotas dquot_6.6.0
[    3.296546] VFS: Dquot-cache hash table entries: 512 (order 0, 4096 bytes)
[    3.300238] squashfs: version 4.0 (2009/01/31) Phillip Lougher
[    3.344964] fuse init (API version 7.23)
[    3.363442] Key type big_key registered
[    3.375921] Allocating IMA MOK and blacklist keyrings.
[    3.440793] Key type asymmetric registered
[    3.454951] Asymmetric key parser 'x509' registered
[    3.470523] Block layer SCSI generic (bsg) driver version 0.4 loaded (major 249)
[    3.497755] io scheduler noop registered
[    3.507303] io scheduler deadline registered (default)
[    3.511219] io scheduler cfq registered
[    3.511219] pci_hotplug: PCI Hot Plug PCI Core version: 0.5
[    3.511219] pciehp: PCI Express Hot Plug Controller Driver version: 0.4
[    3.511219] ACPI: AC Adapter [AC] (on-line)
[    3.511219] input: Power Button as /devices/LNXSYSTM:00/LNXPWRBN:00/input/input0
[    3.511219] ACPI: Power Button [PWRF]
[    3.511219] input: Sleep Button as /devices/LNXSYSTM:00/LNXSLPBN:00/input/input1
[    3.511219] ACPI: Sleep Button [SLPF]
[    3.605988] GHES: HEST is not enabled!
[    3.611542] ACPI: Battery Slot [BAT0] (battery present)
[    3.636668] Serial: 8250/16550 driver, 32 ports, IRQ sharing enabled
[    3.698118] 00:02: ttyS0 at I/O 0x3f8 (irq = 4, base_baud = 115200) is a 16550A
[    3.790583] Linux agpgart interface v0.103
[    3.859810] loop: module loaded
[    3.880070] scsi host0: ata_piix
[    3.897120] scsi host1: ata_piix
[    3.907787] ata1: PATA max UDMA/33 cmd 0x1f0 ctl 0x3f6 bmdma 0xd000 irq 14
[    3.911510] ata2: PATA max UDMA/33 cmd 0x170 ctl 0x376 bmdma 0xd008 irq 15
[    3.947973] libphy: Fixed MDIO Bus: probed
[    3.960928] tun: Universal TUN/TAP device driver, 1.6
[    3.976590] tun: (C) 1999-2004 Max Krasnyansky <maxk@qualcomm.com>
[    3.999028] PPP generic driver version 2.4.2
[    4.012942] ehci_hcd: USB 2.0 'Enhanced' Host Controller (EHCI) Driver
[    4.032421] ehci-pci: EHCI PCI platform driver
[    4.044279] ehci-platform: EHCI generic platform driver
[    4.051836] ohci_hcd: USB 1.1 'Open' Host Controller (OHCI) Driver
[    4.065496] ohci-pci: OHCI PCI platform driver
[    4.074955] ohci-platform: OHCI generic platform driver
[    4.087510] uhci_hcd: USB Universal Host Controller Interface driver
[    4.097161] i8042: PNP: PS/2 Controller [PNP0303:PS2K,PNP0f03:PS2M] at 0x60,0x64 irq 1,12
[    4.114687] serio: i8042 KBD port at 0x60,0x64 irq 1
[    4.123349] serio: i8042 AUX port at 0x60,0x64 irq 12
[    4.249538] mousedev: PS/2 mouse device common for all mice
[    4.277074] input: AT Translated Set 2 keyboard as /devices/platform/i8042/serio0/input/input2
[    4.285334] rtc_cmos rtc_cmos: rtc core: registered rtc_cmos as rtc0
[    4.286998] rtc_cmos rtc_cmos: alarms up to one day, 114 bytes nvram
[    4.287018] i2c /dev entries driver
[    4.287166] device-mapper: uevent: version 1.0.3
[    4.287629] device-mapper: ioctl: 4.34.0-ioctl (2015-10-28) initialised: dm-devel@redhat.com
[    4.287663] ledtrig-cpu: registered to indicate activity on CPUs
[    4.290220] NET: Registered protocol family 10
[    4.291674] NET: Registered protocol family 17
[    4.291787] Key type dns_resolver registered
[    4.293007] registered taskstats version 1
[    4.293027] Loading compiled-in X.509 certificates
[    4.294166] Loaded X.509 cert 'Build time autogenerated kernel key: cf00e047681d67edb2720680708b7d9498083038'
[    4.294200] zswap: loaded using pool lzo/zbud
[    4.300187] Key type trusted registered
[    4.310856] Key type encrypted registered
[    4.310866] AppArmor: AppArmor sha1 policy hashing enabled
[    4.310870] ima: No TPM chip found, activating TPM-bypass!
[    4.310878] ima: Allocated hash algorithm: sha1
[    4.311110] evm: HMAC attrs: 0x1
[    4.313396]   Magic number: 9:51:300
[    4.323860] rtc_cmos rtc_cmos: setting system clock to 2025-09-13 22:15:03 UTC (1757801703)
[    4.324562] BIOS EDD facility v0.16 2004-Jun-25, 0 devices found
[    4.324563] EDD information not available.
[    4.743319] Freeing unused kernel memory: 1492K
[    4.776757] Write protecting the kernel read-only data: 14336k
[    4.799823] Freeing unused kernel memory: 1584K
[    4.815216] Freeing unused kernel memory: 52K
Loading, please wait...
starting version 229
[    4.949656] random: systemd-udevd: uninitialized urandom read (16 bytes read, 10 bits of entropy available)
[    4.955412] random: udevadm: uninitialized urandom read (16 bytes read, 10 bits of entropy available)
[    4.955444] random: udevadm: uninitialized urandom read (16 bytes read, 10 bits of entropy available)
[    4.988777] random: udevadm: uninitialized urandom read (16 bytes read, 10 bits of entropy available)
[    4.988855] random: udevadm: uninitialized urandom read (16 bytes read, 10 bits of entropy available)
[    4.989232] random: udevadm: uninitialized urandom read (16 bytes read, 10 bits of entropy available)
[    4.989521] random: udevadm: uninitialized urandom read (16 bytes read, 10 bits of entropy available)
[    4.989616] random: udevadm: uninitialized urandom read (16 bytes read, 10 bits of entropy available)
[    4.989701] random: udevadm: uninitialized urandom read (16 bytes read, 10 bits of entropy available)
[    4.989834] random: udevadm: uninitialized urandom read (16 bytes read, 10 bits of entropy available)
[    5.297386] e1000: Intel(R) PRO/1000 Network Driver - version 7.3.21-k8-NAPI
[    5.316202] e1000: Copyright (c) 1999-2006 Intel Corporation.
[    5.342920] Fusion MPT base driver 3.04.20
[    5.355812] Copyright (c) 1999-2008 LSI Corporation
[    5.395116] Fusion MPT SPI Host driver 3.04.20
[    6.018667] SSE version of gcm_enc/dec engaged.
[    6.409549] input: ImExPS/2 Generic Explorer Mouse as /devices/platform/i8042/serio1/input/input4
[    7.055591] e1000 0000:00:03.0 eth0: (PCI:33MHz:32-bit) 02:be:82:6b:cc:1d
[    7.065455] e1000 0000:00:03.0 eth0: Intel(R) PRO/1000 Network Connection
[    7.086763] mptbase: ioc0: Initiating bringup
[    7.086931] e1000 0000:00:03.0 enp0s3: renamed from eth0
[    7.414449] ioc0: LSI53C1030 A0: Capabilities={Initiator}
[    8.354705] scsi host2: ioc0: LSI53C1030 A0, FwRev=00000000h, Ports=1, MaxQ=256, IRQ=20
[    8.799617] scsi 2:0:0:0: Direct-Access     VBOX     HARDDISK         1.0  PQ: 0 ANSI: 5
[    8.830154] scsi target2:0:0: Beginning Domain Validation
[    8.881739] scsi target2:0:0: Domain Validation skipping write tests
[    8.899361] scsi target2:0:0: Ending Domain Validation
[    8.915691] scsi target2:0:0: asynchronous
[    8.942374] scsi 2:0:1:0: Direct-Access     VBOX     HARDDISK         1.0  PQ: 0 ANSI: 5
[    8.946201] scsi target2:0:1: Beginning Domain Validation
[    9.020345] scsi target2:0:1: Domain Validation skipping write tests
[    9.024226] scsi target2:0:1: Ending Domain Validation
[    9.054515] scsi target2:0:1: asynchronous
[    9.178673] sd 2:0:0:0: Attached scsi generic sg0 type 0
[    9.181477] sd 2:0:0:0: [sda] 83886080 512-byte logical blocks: (42.9 GB/40.0 GiB)
[    9.184369] sd 2:0:0:0: [sda] Write Protect is off
[    9.185827] sd 2:0:0:0: [sda] Incomplete mode parameter data
[    9.185829] sd 2:0:0:0: [sda] Assuming drive cache: write through
[    9.226759]  sda: sda1
[    9.241042] sd 2:0:0:0: [sda] Attached SCSI disk
[    9.299798] sd 2:0:1:0: Attached scsi generic sg1 type 0
[    9.301634] sd 2:0:1:0: [sdb] 20480 512-byte logical blocks: (10.5 MB/10.0 MiB)
[    9.303735] sd 2:0:1:0: [sdb] Write Protect is off
[    9.305497] sd 2:0:1:0: [sdb] Incomplete mode parameter data
[    9.305499] sd 2:0:1:0: [sdb] Assuming drive cache: write through
[    9.325376] sd 2:0:1:0: [sdb] Attached SCSI disk
Begin: Loading essential drivers ... [   11.707650] md: linear personality registered for level -1
[   11.750356] md: multipath personality registered for level -4
[   11.788417] md: raid0 personality registered for level 0
[   11.887179] md: raid1 personality registered for level 1
